
=== Sun Dec  8 23:32:07 2019

Packages were changed.
Update Mode: mergeDefaultDependencies

The following packages were updated:
  com.unity.ide.rider from version 1.0.4 to 1.1.0
  com.unity.ide.vscode from version 1.0.4 to 1.1.2

=== Sun Jun 20 01:04:28 2021

Packages were changed.
Update Mode: updateDependencies

The following packages were updated:
  com.unity.ads from version 2.0.8 to 3.6.1
  com.unity.analytics from version 3.3.2 to 3.3.5
  com.unity.ext.nunit from version 1.0.0 to 1.0.6
  com.unity.ide.rider from version 1.1.0 to 1.1.4
  com.unity.ide.vscode from version 1.1.2 to 1.2.3
  com.unity.purchasing from version 2.0.6 to 2.2.1
  com.unity.render-pipelines.lightweight from version 6.9.0 to 7.3.1
  com.unity.test-framework from version 1.0.13 to 1.1.22
  com.unity.timeline from version 1.1.0 to 1.2.6
The following packages were removed:
  com.unity.package-manager-ui@2.2.0
